mode: set
github.com/tsawler/bookings-app/internal/handlers/handlers.go:30.62,35.2 1 0
github.com/tsawler/bookings-app/internal/handlers/handlers.go:38.51,43.2 1 1
github.com/tsawler/bookings-app/internal/handlers/handlers.go:46.33,48.2 1 1
github.com/tsawler/bookings-app/internal/handlers/handlers.go:51.67,53.2 1 1
github.com/tsawler/bookings-app/internal/handlers/handlers.go:56.68,59.2 1 1
github.com/tsawler/bookings-app/internal/handlers/handlers.go:62.74,66.9 2 1
github.com/tsawler/bookings-app/internal/handlers/handlers.go:72.2,73.16 2 1
github.com/tsawler/bookings-app/internal/handlers/handlers.go:80.2,99.4 10 1
github.com/tsawler/bookings-app/internal/handlers/handlers.go:66.9,70.3 3 1
github.com/tsawler/bookings-app/internal/handlers/handlers.go:73.16,77.3 3 1
github.com/tsawler/bookings-app/internal/handlers/handlers.go:103.78,105.16 2 1
github.com/tsawler/bookings-app/internal/handlers/handlers.go:111.2,119.16 5 1
github.com/tsawler/bookings-app/internal/handlers/handlers.go:125.2,126.16 2 1
github.com/tsawler/bookings-app/internal/handlers/handlers.go:132.2,133.16 2 1
github.com/tsawler/bookings-app/internal/handlers/handlers.go:139.2,155.19 6 1
github.com/tsawler/bookings-app/internal/handlers/handlers.go:166.2,167.16 2 1
github.com/tsawler/bookings-app/internal/handlers/handlers.go:173.2,182.16 3 1
github.com/tsawler/bookings-app/internal/handlers/handlers.go:188.2,190.66 2 1
github.com/tsawler/bookings-app/internal/handlers/handlers.go:105.16,109.3 3 1
github.com/tsawler/bookings-app/internal/handlers/handlers.go:119.16,123.3 3 1
github.com/tsawler/bookings-app/internal/handlers/handlers.go:126.16,130.3 3 1
github.com/tsawler/bookings-app/internal/handlers/handlers.go:133.16,137.3 3 1
github.com/tsawler/bookings-app/internal/handlers/handlers.go:155.19,164.3 5 1
github.com/tsawler/bookings-app/internal/handlers/handlers.go:167.16,171.3 3 1
github.com/tsawler/bookings-app/internal/handlers/handlers.go:182.16,186.3 3 1
github.com/tsawler/bookings-app/internal/handlers/handlers.go:194.71,196.2 1 1
github.com/tsawler/bookings-app/internal/handlers/handlers.go:199.69,201.2 1 1
github.com/tsawler/bookings-app/internal/handlers/handlers.go:204.75,206.2 1 1
github.com/tsawler/bookings-app/internal/handlers/handlers.go:209.79,215.16 5 0
github.com/tsawler/bookings-app/internal/handlers/handlers.go:220.2,221.16 2 0
github.com/tsawler/bookings-app/internal/handlers/handlers.go:226.2,227.16 2 0
github.com/tsawler/bookings-app/internal/handlers/handlers.go:231.2,231.21 1 0
github.com/tsawler/bookings-app/internal/handlers/handlers.go:238.2,249.4 5 0
github.com/tsawler/bookings-app/internal/handlers/handlers.go:215.16,218.3 2 0
github.com/tsawler/bookings-app/internal/handlers/handlers.go:221.16,224.3 2 0
github.com/tsawler/bookings-app/internal/handlers/handlers.go:227.16,229.3 1 0
github.com/tsawler/bookings-app/internal/handlers/handlers.go:231.21,236.3 3 0
github.com/tsawler/bookings-app/internal/handlers/handlers.go:261.79,264.16 2 1
github.com/tsawler/bookings-app/internal/handlers/handlers.go:276.2,286.16 8 1
github.com/tsawler/bookings-app/internal/handlers/handlers.go:298.2,309.14 4 1
github.com/tsawler/bookings-app/internal/handlers/handlers.go:264.16,274.3 5 0
github.com/tsawler/bookings-app/internal/handlers/handlers.go:286.16,296.3 5 0
github.com/tsawler/bookings-app/internal/handlers/handlers.go:313.70,315.2 1 1
github.com/tsawler/bookings-app/internal/handlers/handlers.go:317.81,321.9 2 0
github.com/tsawler/bookings-app/internal/handlers/handlers.go:328.2,344.4 9 0
github.com/tsawler/bookings-app/internal/handlers/handlers.go:321.9,326.3 4 0
github.com/tsawler/bookings-app/internal/handlers/handlers.go:347.73,349.16 2 0
github.com/tsawler/bookings-app/internal/handlers/handlers.go:353.2,354.9 2 0
github.com/tsawler/bookings-app/internal/handlers/handlers.go:359.2,362.63 3 0
github.com/tsawler/bookings-app/internal/handlers/handlers.go:349.16,352.3 2 0
github.com/tsawler/bookings-app/internal/handlers/handlers.go:354.9,357.3 2 0
github.com/tsawler/bookings-app/internal/handlers/handlers.go:367.71,386.16 12 0
github.com/tsawler/bookings-app/internal/handlers/handlers.go:391.2,395.63 3 0
github.com/tsawler/bookings-app/internal/handlers/handlers.go:386.16,388.3 1 0
